Detecting compiler hash for triplet x64-windows...
A suitable version of powershell-core was not found (required v7.2.24).
Downloading https://github.com/PowerShell/PowerShell/releases/download/v7.2.24/PowerShell-7.2.24-win-x64.zip -> PowerShell-7.2.24-win-x64.zip
Successfully downloaded PowerShell-7.2.24-win-x64.zip
Extracting powershell-core...
A suitable version of 7zip was not found (required v24.9.0).
Downloading https://github.com/ip7z/7zip/releases/download/24.09/7z2409.exe -> 7z2409.7z.exe
Successfully downloaded 7z2409.7z.exe
Extracting 7zip...
A suitable version of 7zr was not found (required v24.9.0).
Downloading https://github.com/ip7z/7zip/releases/download/24.09/7zr.exe -> 44d8504a-7zr.exe
Successfully downloaded 44d8504a-7zr.exe
Compiler found: C:/Program Files/Microsoft Visual Studio/2022/Community/VC/Tools/MSVC/14.43.34808/bin/Hostx64/x64/cl.exe
The following packages will be built and installed:
  * egl-registry:x64-windows@2024-01-25 -- C:\temp\PA213\framework\ext\vcpkg\buildtrees\versioning_\versions\egl-registry\d883db43133dd223c4ffdbef4193943f6784d43a
    glad[core,loader]:x64-windows@0.1.36 -- C:\temp\PA213\framework\ext\vcpkg\buildtrees\versioning_\versions\glad\fa93b14c1581057e1d14650f5f15c9b0757dd548
    glfw3:x64-windows@3.4 -- C:\temp\PA213\framework\ext\vcpkg\buildtrees\versioning_\versions\glfw3\fcbaa3b4073da7a24e20e043164075512f027d2d
    glm:x64-windows@1.0.1#3 -- C:\temp\PA213\framework\ext\vcpkg\buildtrees\versioning_\versions\glm\f8b09027afe97c717e95bd81d1d4f37c057d1c78
    gtest:x64-windows@1.15.2 -- C:\temp\PA213\framework\ext\vcpkg\buildtrees\versioning_\versions\gtest\9ac644e3ba0475ca37d4b50913f93920bee7ee38
    imgui[core,glfw-binding,opengl3-binding]:x64-windows@1.91.0 -- C:\temp\PA213\framework\ext\vcpkg\buildtrees\versioning_\versions\imgui\09b0e91307c74efecc2b8860b3a25f4e11aa96d3
    lodepng:x64-windows@2021-12-04#1 -- C:\temp\PA213\framework\ext\vcpkg\buildtrees\versioning_\versions\lodepng\744376b1eace2fdab47d24858d7d1e79f32eefa3
  * opengl-registry:x64-windows@2024-02-10#1 -- C:\temp\PA213\framework\ext\vcpkg\buildtrees\versioning_\versions\opengl-registry\22f7aa58ee78c9f0db904b6251e9265f2be26f9d
    stb:x64-windows@2023-04-11#1 -- C:\temp\PA213\framework\ext\vcpkg\buildtrees\versioning_\versions\stb\acd9c2bf96a3e32fbf629b1bfd6cba4827761069
    tinyobjloader:x64-windows@2.0.0rc13 -- C:\temp\PA213\framework\ext\vcpkg\buildtrees\versioning_\versions\tinyobjloader\b008f82ac36e49a7ec655e02deaaaaf32121f997
    toml11:x64-windows@4.2.0 -- C:\temp\PA213\framework\ext\vcpkg\buildtrees\versioning_\versions\toml11\d42cf90d8c98a2a3da2c0d3cd94f038b9093eb60
  * vcpkg-cmake:x64-windows@2024-04-23 -- C:\temp\PA213\framework\ext\vcpkg\buildtrees\versioning_\versions\vcpkg-cmake\e74aa1e8f93278a8e71372f1fa08c3df420eb840
  * vcpkg-cmake-config:x64-windows@2024-05-23 -- C:\temp\PA213\framework\ext\vcpkg\buildtrees\versioning_\versions\vcpkg-cmake-config\97a63e4bc1a17422ffe4eff71da53b4b561a7841
Additional packages (*) will be modified to complete this operation.
Restored 0 package(s) from C:\Users\xstruha1\AppData\Local\vcpkg\archives in 660 us. Use --debug to see more details.
Installing 1/13 vcpkg-cmake-config:x64-windows@2024-05-23...
Building vcpkg-cmake-config:x64-windows@2024-05-23...
C:\temp\PA213\framework\ext\vcpkg\buildtrees\versioning_\versions\vcpkg-cmake-config\97a63e4bc1a17422ffe4eff71da53b4b561a7841: info: installing overlay port from here
-- Installing: C:/temp/PA213/framework/ext/vcpkg/packages/vcpkg-cmake-config_x64-windows/share/vcpkg-cmake-config/vcpkg_cmake_config_fixup.cmake
-- Installing: C:/temp/PA213/framework/ext/vcpkg/packages/vcpkg-cmake-config_x64-windows/share/vcpkg-cmake-config/vcpkg-port-config.cmake
-- Installing: C:/temp/PA213/framework/ext/vcpkg/packages/vcpkg-cmake-config_x64-windows/share/vcpkg-cmake-config/copyright
-- Skipping post-build validation due to VCPKG_POLICY_EMPTY_PACKAGE
Starting submission of vcpkg-cmake-config:x64-windows to 1 binary cache(s) in the background
Elapsed time to handle vcpkg-cmake-config:x64-windows: 73.4 ms
vcpkg-cmake-config:x64-windows package ABI: 90cb92caf9d66aea452ec9cd0f0a97ccf580ed489c406092da8cfd59c92afd0b
Installing 2/13 vcpkg-cmake:x64-windows@2024-04-23...
Building vcpkg-cmake:x64-windows@2024-04-23...
C:\temp\PA213\framework\ext\vcpkg\buildtrees\versioning_\versions\vcpkg-cmake\e74aa1e8f93278a8e71372f1fa08c3df420eb840: info: installing overlay port from here
-- Installing: C:/temp/PA213/framework/ext/vcpkg/packages/vcpkg-cmake_x64-windows/share/vcpkg-cmake/vcpkg_cmake_configure.cmake
-- Installing: C:/temp/PA213/framework/ext/vcpkg/packages/vcpkg-cmake_x64-windows/share/vcpkg-cmake/vcpkg_cmake_build.cmake
-- Installing: C:/temp/PA213/framework/ext/vcpkg/packages/vcpkg-cmake_x64-windows/share/vcpkg-cmake/vcpkg_cmake_install.cmake
-- Installing: C:/temp/PA213/framework/ext/vcpkg/packages/vcpkg-cmake_x64-windows/share/vcpkg-cmake/vcpkg-port-config.cmake
-- Installing: C:/temp/PA213/framework/ext/vcpkg/packages/vcpkg-cmake_x64-windows/share/vcpkg-cmake/copyright
-- Performing post-build validation
Starting submission of vcpkg-cmake:x64-windows to 1 binary cache(s) in the background
Elapsed time to handle vcpkg-cmake:x64-windows: 85.7 ms
vcpkg-cmake:x64-windows package ABI: 8e81fcac9062133c4aeb6e05473a15a9f45a7f40b62cf87732e51039e8f50802
Completed submission of vcpkg-cmake-config:x64-windows to 1 binary cache(s) in 55.9 ms
Installing 3/13 egl-registry:x64-windows@2024-01-25...
Building egl-registry:x64-windows@2024-01-25...
C:\temp\PA213\framework\ext\vcpkg\buildtrees\versioning_\versions\egl-registry\d883db43133dd223c4ffdbef4193943f6784d43a: info: installing overlay port from here
Downloading https://github.com/KhronosGroup/EGL-Registry/archive/7db3005d4c2cb439f129a0adc931f3274f9019e6.tar.gz -> KhronosGroup-EGL-Registry-7db3005d4c2cb439f129a0adc931f3274f9019e6.tar.gz
Successfully downloaded KhronosGroup-EGL-Registry-7db3005d4c2cb439f129a0adc931f3274f9019e6.tar.gz
-- Extracting source C:/temp/PA213/framework/ext/vcpkg/downloads/KhronosGroup-EGL-Registry-7db3005d4c2cb439f129a0adc931f3274f9019e6.tar.gz
-- Using source at C:/temp/PA213/framework/ext/vcpkg/buildtrees/egl-registry/src/274f9019e6-49d6bdb34a.clean
-- Installing: C:/temp/PA213/framework/ext/vcpkg/packages/egl-registry_x64-windows/share/egl-registry/copyright
-- Performing post-build validation
Starting submission of egl-registry:x64-windows to 1 binary cache(s) in the background
Elapsed time to handle egl-registry:x64-windows: 1.1 s
egl-registry:x64-windows package ABI: 5966948c0ce04dfa8ba99a473fae84d8a7a6d0565c22ad79798f6ca6bad389fb
Completed submission of vcpkg-cmake:x64-windows to 1 binary cache(s) in 46 ms
Installing 4/13 opengl-registry:x64-windows@2024-02-10#1...
Building opengl-registry:x64-windows@2024-02-10#1...
C:\temp\PA213\framework\ext\vcpkg\buildtrees\versioning_\versions\opengl-registry\22f7aa58ee78c9f0db904b6251e9265f2be26f9d: info: installing overlay port from here
Downloading https://github.com/KhronosGroup/OpenGL-Registry/archive/3530768138c5ba3dfbb2c43c830493f632f7ea33.tar.gz -> KhronosGroup-OpenGL-Registry-3530768138c5ba3dfbb2c43c830493f632f7ea33.tar.gz
Successfully downloaded KhronosGroup-OpenGL-Registry-3530768138c5ba3dfbb2c43c830493f632f7ea33.tar.gz
-- Extracting source C:/temp/PA213/framework/ext/vcpkg/downloads/KhronosGroup-OpenGL-Registry-3530768138c5ba3dfbb2c43c830493f632f7ea33.tar.gz
-- Using source at C:/temp/PA213/framework/ext/vcpkg/buildtrees/opengl-registry/src/f632f7ea33-4952f9ace9.clean
-- Installing: C:/temp/PA213/framework/ext/vcpkg/packages/opengl-registry_x64-windows/share/opengl-registry/copyright
-- Performing post-build validation
Starting submission of opengl-registry:x64-windows to 1 binary cache(s) in the background
Elapsed time to handle opengl-registry:x64-windows: 8.3 s
opengl-registry:x64-windows package ABI: c65b1e07a3c1cdb40e483e183a7b2f0b00d6ec8c1f4ad99522ea7d85d564b052
Completed submission of egl-registry:x64-windows to 1 binary cache(s) in 72.5 ms
Installing 5/13 glad[core,loader]:x64-windows@0.1.36...
Building glad[core,loader]:x64-windows@0.1.36...
C:\temp\PA213\framework\ext\vcpkg\buildtrees\versioning_\versions\glad\fa93b14c1581057e1d14650f5f15c9b0757dd548: info: installing overlay port from here
-- Note: glad only supports static library linkage. Building static library.
Downloading https://github.com/Dav1dde/glad/archive/1ecd45775d96f35170458e6b148eb0708967e402.tar.gz -> Dav1dde-glad-1ecd45775d96f35170458e6b148eb0708967e402.tar.gz
Successfully downloaded Dav1dde-glad-1ecd45775d96f35170458e6b148eb0708967e402.tar.gz
-- Extracting source C:/temp/PA213/framework/ext/vcpkg/downloads/Dav1dde-glad-1ecd45775d96f35170458e6b148eb0708967e402.tar.gz
-- Applying patch encoding.patch
-- Applying patch find_python.patch
-- Using source at C:/temp/PA213/framework/ext/vcpkg/buildtrees/glad/src/708967e402-274d415499.clean
-- This version of glad uses the compatibility profile. To use the core profile instead, create an overlay port of this with GLAD_PROFILE set to 'core' or set GLAD_PROFILE to 'core' in a custom triplet.
-- This recipe is at C:/temp/PA213/framework/ext/vcpkg/buildtrees/versioning_/versions/glad/fa93b14c1581057e1d14650f5f15c9b0757dd548
-- See the overlay ports documentation at https://github.com/microsoft/vcpkg/blob/master/docs/specifications/ports-overlay.md
Downloading https://www.python.org/ftp/python/3.12.7/python-3.12.7-embed-amd64.zip -> python-3.12.7-embed-amd64.zip
Successfully downloaded python-3.12.7-embed-amd64.zip
-- Found external ninja('1.12.1').
-- Configuring x64-windows
-- Building x64-windows-dbg
-- Building x64-windows-rel
-- Installing: C:/temp/PA213/framework/ext/vcpkg/packages/glad_x64-windows/share/glad/copyright
-- Performing post-build validation
Starting submission of glad:x64-windows to 1 binary cache(s) in the background
Elapsed time to handle glad:x64-windows: 6.1 s
glad:x64-windows package ABI: 7242f57705bd3698b72212386887d1f6fe70266bb00f91bbec613bd91e42aedc
Completed submission of opengl-registry:x64-windows to 1 binary cache(s) in 364 ms
Installing 6/13 glfw3:x64-windows@3.4...
Building glfw3:x64-windows@3.4...
C:\temp\PA213\framework\ext\vcpkg\buildtrees\versioning_\versions\glfw3\fcbaa3b4073da7a24e20e043164075512f027d2d: info: installing overlay port from here
Downloading https://github.com/glfw/glfw/archive/3.4.tar.gz -> glfw-glfw-3.4.tar.gz
Successfully downloaded glfw-glfw-3.4.tar.gz
-- Extracting source C:/temp/PA213/framework/ext/vcpkg/downloads/glfw-glfw-3.4.tar.gz
-- Using source at C:/temp/PA213/framework/ext/vcpkg/buildtrees/glfw3/src/3.4-2448ff4533.clean
GLFW3 currently requires the following libraries from the system package manager:
    xinerama
    xcursor
    xorg
    libglu1-mesa
    pkg-config

These can be installed via brew install libxinerama-dev libxcursor-dev xorg-dev libglu1-mesa-dev pkg-config
-- Found external ninja('1.12.1').
-- Configuring x64-windows
-- Building x64-windows-dbg
-- Building x64-windows-rel
-- Fixing pkgconfig file: C:/temp/PA213/framework/ext/vcpkg/packages/glfw3_x64-windows/lib/pkgconfig/glfw3.pc
Downloading msys2-mingw-w64-x86_64-pkgconf-1~2.3.0-1-any.pkg.tar.zst, trying https://mirror.msys2.org/mingw/mingw64/mingw-w64-x86_64-pkgconf-1~2.3.0-1-any.pkg.tar.zst
Successfully downloaded msys2-mingw-w64-x86_64-pkgconf-1~2.3.0-1-any.pkg.tar.zst
Downloading msys2-msys2-runtime-3.5.4-2-x86_64.pkg.tar.zst, trying https://mirror.msys2.org/msys/x86_64/msys2-runtime-3.5.4-2-x86_64.pkg.tar.zst
Successfully downloaded msys2-msys2-runtime-3.5.4-2-x86_64.pkg.tar.zst
-- Using msys root at C:/temp/PA213/framework/ext/vcpkg/downloads/tools/msys2/21caed2f81ec917b
-- Fixing pkgconfig file: C:/temp/PA213/framework/ext/vcpkg/packages/glfw3_x64-windows/debug/lib/pkgconfig/glfw3.pc
-- Installing: C:/temp/PA213/framework/ext/vcpkg/packages/glfw3_x64-windows/share/glfw3/copyright
-- Performing post-build validation
Starting submission of glfw3:x64-windows to 1 binary cache(s) in the background
Elapsed time to handle glfw3:x64-windows: 9.1 s
glfw3:x64-windows package ABI: 0ec7f426b6fbdb4f7960745a3e8470757276aec895c55c4e9982b910af14cd45
Completed submission of glad:x64-windows to 1 binary cache(s) in 238 ms
Installing 7/13 glm:x64-windows@1.0.1#3...
Building glm:x64-windows@1.0.1#3...
C:\temp\PA213\framework\ext\vcpkg\buildtrees\versioning_\versions\glm\f8b09027afe97c717e95bd81d1d4f37c057d1c78: info: installing overlay port from here
-- Note: glm only supports static library linkage. Building static library.
Downloading https://github.com/g-truc/glm/archive/1.0.1.tar.gz -> g-truc-glm-1.0.1.tar.gz
Successfully downloaded g-truc-glm-1.0.1.tar.gz
-- Extracting source C:/temp/PA213/framework/ext/vcpkg/downloads/g-truc-glm-1.0.1.tar.gz
-- Applying patch fix-clang.patch
-- Using source at C:/temp/PA213/framework/ext/vcpkg/buildtrees/glm/src/1.0.1-cf6930f99d.clean
-- Found external ninja('1.12.1').
-- Configuring x64-windows
-- Building x64-windows-dbg
-- Building x64-windows-rel
-- Installing: C:/temp/PA213/framework/ext/vcpkg/packages/glm_x64-windows/share/glm/copyright
-- Installing: C:/temp/PA213/framework/ext/vcpkg/packages/glm_x64-windows/share/glm/usage
-- Performing post-build validation
Starting submission of glm:x64-windows to 1 binary cache(s) in the background
Elapsed time to handle glm:x64-windows: 9.9 s
glm:x64-windows package ABI: a530bca83c2772732cb4cfb06245095ffbde11bf369f21d359e8c97f44e7ae0e
Completed submission of glfw3:x64-windows to 1 binary cache(s) in 225 ms
Installing 8/13 gtest:x64-windows@1.15.2...
Building gtest:x64-windows@1.15.2...
C:\temp\PA213\framework\ext\vcpkg\buildtrees\versioning_\versions\gtest\9ac644e3ba0475ca37d4b50913f93920bee7ee38: info: installing overlay port from here
Downloading https://github.com/google/googletest/archive/v1.15.2.tar.gz -> google-googletest-v1.15.2.tar.gz
Successfully downloaded google-googletest-v1.15.2.tar.gz
-- Extracting source C:/temp/PA213/framework/ext/vcpkg/downloads/google-googletest-v1.15.2.tar.gz
-- Applying patch 001-fix-UWP-death-test.patch
-- Applying patch clang-tidy-no-lint.patch
-- Applying patch fix-main-lib-path.patch
-- Using source at C:/temp/PA213/framework/ext/vcpkg/buildtrees/gtest/src/v1.15.2-41f5afb119.clean
-- Found external ninja('1.12.1').
-- Configuring x64-windows
-- Building x64-windows-dbg
-- Building x64-windows-rel
-- Installing: C:/temp/PA213/framework/ext/vcpkg/packages/gtest_x64-windows/src/gtest.cc
-- Installing: C:/temp/PA213/framework/ext/vcpkg/packages/gtest_x64-windows/src/gtest_main.cc
-- Installing: C:/temp/PA213/framework/ext/vcpkg/packages/gtest_x64-windows/src/gtest-all.cc
-- Installing: C:/temp/PA213/framework/ext/vcpkg/packages/gtest_x64-windows/src/gtest-assertion-result.cc
-- Installing: C:/temp/PA213/framework/ext/vcpkg/packages/gtest_x64-windows/src/gtest-death-test.cc
-- Installing: C:/temp/PA213/framework/ext/vcpkg/packages/gtest_x64-windows/src/gtest-filepath.cc
-- Installing: C:/temp/PA213/framework/ext/vcpkg/packages/gtest_x64-windows/src/gtest-internal-inl.h
-- Installing: C:/temp/PA213/framework/ext/vcpkg/packages/gtest_x64-windows/src/gtest-matchers.cc
-- Installing: C:/temp/PA213/framework/ext/vcpkg/packages/gtest_x64-windows/src/gtest-port.cc
-- Installing: C:/temp/PA213/framework/ext/vcpkg/packages/gtest_x64-windows/src/gtest-printers.cc
-- Installing: C:/temp/PA213/framework/ext/vcpkg/packages/gtest_x64-windows/src/gtest-test-part.cc
-- Installing: C:/temp/PA213/framework/ext/vcpkg/packages/gtest_x64-windows/src/gtest-typed-test.cc
-- Fixing pkgconfig file: C:/temp/PA213/framework/ext/vcpkg/packages/gtest_x64-windows/lib/pkgconfig/gmock.pc
-- Fixing pkgconfig file: C:/temp/PA213/framework/ext/vcpkg/packages/gtest_x64-windows/lib/pkgconfig/gmock_main.pc
-- Fixing pkgconfig file: C:/temp/PA213/framework/ext/vcpkg/packages/gtest_x64-windows/lib/pkgconfig/gtest.pc
-- Fixing pkgconfig file: C:/temp/PA213/framework/ext/vcpkg/packages/gtest_x64-windows/lib/pkgconfig/gtest_main.pc
-- Using cached msys2-mingw-w64-x86_64-pkgconf-1~2.3.0-1-any.pkg.tar.zst
-- Using cached msys2-msys2-runtime-3.5.4-2-x86_64.pkg.tar.zst
-- Using msys root at C:/temp/PA213/framework/ext/vcpkg/downloads/tools/msys2/21caed2f81ec917b
-- Fixing pkgconfig file: C:/temp/PA213/framework/ext/vcpkg/packages/gtest_x64-windows/debug/lib/pkgconfig/gmock.pc
-- Fixing pkgconfig file: C:/temp/PA213/framework/ext/vcpkg/packages/gtest_x64-windows/debug/lib/pkgconfig/gmock_main.pc
-- Fixing pkgconfig file: C:/temp/PA213/framework/ext/vcpkg/packages/gtest_x64-windows/debug/lib/pkgconfig/gtest.pc
-- Fixing pkgconfig file: C:/temp/PA213/framework/ext/vcpkg/packages/gtest_x64-windows/debug/lib/pkgconfig/gtest_main.pc
-- Installing: C:/temp/PA213/framework/ext/vcpkg/packages/gtest_x64-windows/share/gtest/copyright
-- Installing: C:/temp/PA213/framework/ext/vcpkg/packages/gtest_x64-windows/share/gtest/usage
-- Performing post-build validation
Starting submission of gtest:x64-windows to 1 binary cache(s) in the background
Elapsed time to handle gtest:x64-windows: 17 s
gtest:x64-windows package ABI: bab970bbdb9a6eea518a6c8cd35d31e114294e915e04e7b6ae835d37d7dc069b
Completed submission of glm:x64-windows to 1 binary cache(s) in 825 ms
Installing 9/13 imgui[core,glfw-binding,opengl3-binding]:x64-windows@1.91.0...
Building imgui[core,glfw-binding,opengl3-binding]:x64-windows@1.91.0...
C:\temp\PA213\framework\ext\vcpkg\buildtrees\versioning_\versions\imgui\09b0e91307c74efecc2b8860b3a25f4e11aa96d3: info: installing overlay port from here
-- Note: imgui only supports static library linkage. Building static library.
Downloading https://github.com/ocornut/imgui/archive/v1.91.0.tar.gz -> ocornut-imgui-v1.91.0.tar.gz
Successfully downloaded ocornut-imgui-v1.91.0.tar.gz
-- Extracting source C:/temp/PA213/framework/ext/vcpkg/downloads/ocornut-imgui-v1.91.0.tar.gz
-- Using source at C:/temp/PA213/framework/ext/vcpkg/buildtrees/imgui/src/v1.91.0-51846a2755.clean
-- Found external ninja('1.12.1').
-- Configuring x64-windows
-- Building x64-windows-dbg
-- Building x64-windows-rel
-- Installing: C:/temp/PA213/framework/ext/vcpkg/packages/imgui_x64-windows/share/imgui/copyright
-- Performing post-build validation
Starting submission of imgui:x64-windows to 1 binary cache(s) in the background
Elapsed time to handle imgui:x64-windows: 11 s
imgui:x64-windows package ABI: 2c8048f5b67bc1f885a9a9cfd7d8f9ae0fd0488b02f72be66bf953483da93b33
Completed submission of gtest:x64-windows to 1 binary cache(s) in 1.5 s
Installing 10/13 lodepng:x64-windows@2021-12-04#1...
Building lodepng:x64-windows@2021-12-04#1...
C:\temp\PA213\framework\ext\vcpkg\buildtrees\versioning_\versions\lodepng\744376b1eace2fdab47d24858d7d1e79f32eefa3: info: installing overlay port from here
-- Note: lodepng only supports static library linkage. Building static library.
Downloading https://github.com/lvandeve/lodepng/archive/8c6a9e30576f07bf470ad6f09458a2dcd7a6a84a.tar.gz -> lvandeve-lodepng-8c6a9e30576f07bf470ad6f09458a2dcd7a6a84a.tar.gz
Successfully downloaded lvandeve-lodepng-8c6a9e30576f07bf470ad6f09458a2dcd7a6a84a.tar.gz
-- Extracting source C:/temp/PA213/framework/ext/vcpkg/downloads/lvandeve-lodepng-8c6a9e30576f07bf470ad6f09458a2dcd7a6a84a.tar.gz
-- Using source at C:/temp/PA213/framework/ext/vcpkg/buildtrees/lodepng/src/dcd7a6a84a-1b95b8ca64.clean
-- Found external ninja('1.12.1').
-- Configuring x64-windows
-- Building x64-windows-dbg
-- Building x64-windows-rel
-- Installing: C:/temp/PA213/framework/ext/vcpkg/packages/lodepng_x64-windows/share/lodepng/usage
-- Installing: C:/temp/PA213/framework/ext/vcpkg/packages/lodepng_x64-windows/share/lodepng/copyright
-- Performing post-build validation
Starting submission of lodepng:x64-windows to 1 binary cache(s) in the background
Elapsed time to handle lodepng:x64-windows: 4.7 s
lodepng:x64-windows package ABI: eeb25e1747cffd2d962101e6ddd71d7717d84931fdfd8d6e261d85689cec8c4d
Completed submission of imgui:x64-windows to 1 binary cache(s) in 1.2 s
Installing 11/13 stb:x64-windows@2023-04-11#1...
Building stb:x64-windows@2023-04-11#1...
C:\temp\PA213\framework\ext\vcpkg\buildtrees\versioning_\versions\stb\acd9c2bf96a3e32fbf629b1bfd6cba4827761069: info: installing overlay port from here
Downloading https://github.com/nothings/stb/archive/5736b15f7ea0ffb08dd38af21067c314d6a3aae9.tar.gz -> nothings-stb-5736b15f7ea0ffb08dd38af21067c314d6a3aae9.tar.gz
Successfully downloaded nothings-stb-5736b15f7ea0ffb08dd38af21067c314d6a3aae9.tar.gz
-- Extracting source C:/temp/PA213/framework/ext/vcpkg/downloads/nothings-stb-5736b15f7ea0ffb08dd38af21067c314d6a3aae9.tar.gz
-- Using source at C:/temp/PA213/framework/ext/vcpkg/buildtrees/stb/src/14d6a3aae9-dc9b68ccde.clean
-- Installing: C:/temp/PA213/framework/ext/vcpkg/packages/stb_x64-windows/share/stb/FindStb.cmake
-- Installing: C:/temp/PA213/framework/ext/vcpkg/packages/stb_x64-windows/share/stb/vcpkg-cmake-wrapper.cmake
-- Installing: C:/temp/PA213/framework/ext/vcpkg/packages/stb_x64-windows/share/stb/usage
-- Installing: C:/temp/PA213/framework/ext/vcpkg/packages/stb_x64-windows/share/stb/copyright
-- Performing post-build validation
Starting submission of stb:x64-windows to 1 binary cache(s) in the background
Elapsed time to handle stb:x64-windows: 1.2 s
stb:x64-windows package ABI: a8c4be619c8bf4df284b43be69951e5946b09e3ff11eb4fd95a6e88b0124cf8d
Completed submission of lodepng:x64-windows to 1 binary cache(s) in 177 ms
Installing 12/13 tinyobjloader:x64-windows@2.0.0rc13...
Building tinyobjloader:x64-windows@2.0.0rc13...
C:\temp\PA213\framework\ext\vcpkg\buildtrees\versioning_\versions\tinyobjloader\b008f82ac36e49a7ec655e02deaaaaf32121f997: info: installing overlay port from here
-- Note: tinyobjloader only supports static library linkage. Building static library.
Downloading https://github.com/syoyo/tinyobjloader/archive/v2.0.0rc13.tar.gz -> syoyo-tinyobjloader-v2.0.0rc13.tar.gz
Successfully downloaded syoyo-tinyobjloader-v2.0.0rc13.tar.gz
-- Extracting source C:/temp/PA213/framework/ext/vcpkg/downloads/syoyo-tinyobjloader-v2.0.0rc13.tar.gz
-- Using source at C:/temp/PA213/framework/ext/vcpkg/buildtrees/tinyobjloader/src/v2.0.0rc13-75ee586e9b.clean
-- Found external ninja('1.12.1').
-- Configuring x64-windows
-- Building x64-windows-dbg
-- Building x64-windows-rel
-- Fixing pkgconfig file: C:/temp/PA213/framework/ext/vcpkg/packages/tinyobjloader_x64-windows/lib/pkgconfig/tinyobjloader.pc
-- Using cached msys2-mingw-w64-x86_64-pkgconf-1~2.3.0-1-any.pkg.tar.zst
-- Using cached msys2-msys2-runtime-3.5.4-2-x86_64.pkg.tar.zst
-- Using msys root at C:/temp/PA213/framework/ext/vcpkg/downloads/tools/msys2/21caed2f81ec917b
-- Fixing pkgconfig file: C:/temp/PA213/framework/ext/vcpkg/packages/tinyobjloader_x64-windows/debug/lib/pkgconfig/tinyobjloader.pc
-- Performing post-build validation
Starting submission of tinyobjloader:x64-windows to 1 binary cache(s) in the background
Elapsed time to handle tinyobjloader:x64-windows: 5.5 s
tinyobjloader:x64-windows package ABI: 3658d8bebafe6a51d138e54e3abd9e35a34fb32c9623e01d22cb7f7809f3113e
Completed submission of stb:x64-windows to 1 binary cache(s) in 92 ms
Installing 13/13 toml11:x64-windows@4.2.0...
Building toml11:x64-windows@4.2.0...
C:\temp\PA213\framework\ext\vcpkg\buildtrees\versioning_\versions\toml11\d42cf90d8c98a2a3da2c0d3cd94f038b9093eb60: info: installing overlay port from here
Downloading https://github.com/ToruNiina/toml11/archive/v4.2.0.tar.gz -> ToruNiina-toml11-v4.2.0.tar.gz
Successfully downloaded ToruNiina-toml11-v4.2.0.tar.gz
-- Extracting source C:/temp/PA213/framework/ext/vcpkg/downloads/ToruNiina-toml11-v4.2.0.tar.gz
-- Using source at C:/temp/PA213/framework/ext/vcpkg/buildtrees/toml11/src/v4.2.0-6be318a722.clean
-- Found external ninja('1.12.1').
-- Configuring x64-windows
-- Building x64-windows-dbg
-- Building x64-windows-rel
-- Installing: C:/temp/PA213/framework/ext/vcpkg/packages/toml11_x64-windows/share/toml11/copyright
-- Performing post-build validation
Starting submission of toml11:x64-windows to 1 binary cache(s) in the background
Elapsed time to handle toml11:x64-windows: 5.8 s
toml11:x64-windows package ABI: 34a480d980dbe54ff36ac0fe61023ca9f9b558dd8b4f051b45d528a5d2704f17
Total install time: 1.3 min
glad provides CMake targets:

  # this is heuristically generated, and may not be correct
  find_package(glad CONFIG REQUIRED)
  target_link_libraries(main PRIVATE glad::glad)

glfw3 provides CMake targets:

  # this is heuristically generated, and may not be correct
  find_package(glfw3 CONFIG REQUIRED)
  target_link_libraries(main PRIVATE glfw)

glfw3 provides pkg-config modules:

  # A multi-platform library for OpenGL, window and input
  glfw3

The package glm provides CMake targets:

    find_package(glm CONFIG REQUIRED)
    target_link_libraries(main PRIVATE glm::glm)

    # Or use the header-only version
    find_package(glm CONFIG REQUIRED)
    target_link_libraries(main PRIVATE glm::glm-header-only)

The package gtest is compatible with built-in CMake targets:

    enable_testing()
    
    find_package(GTest CONFIG REQUIRED)
    target_link_libraries(main PRIVATE GTest::gtest GTest::gtest_main GTest::gmock GTest::gmock_main)
    
    add_test(AllTestsInMain main)

imgui provides CMake targets:

  # this is heuristically generated, and may not be correct
  find_package(imgui CONFIG REQUIRED)
  target_link_libraries(main PRIVATE imgui::imgui)

The package lodepng provides CMake targets:

    # C API
    find_package(lodepng-c CONFIG REQUIRED)
    target_link_libraries(main PRIVATE lodepng-c)

    # C++ API
    find_package(lodepng CONFIG REQUIRED)
    target_link_libraries(main PRIVATE lodepng)

The package stb provides CMake targets:

    find_package(Stb REQUIRED)
    target_include_directories(main PRIVATE ${Stb_INCLUDE_DIR})
tinyobjloader provides CMake targets:

  # this is heuristically generated, and may not be correct
  find_package(tinyobjloader CONFIG REQUIRED)
  target_link_libraries(main PRIVATE tinyobjloader::tinyobjloader)

tinyobjloader provides pkg-config modules:

  # Tiny but powerful single file wavefront obj loader
  tinyobjloader

toml11 provides CMake targets:

  # this is heuristically generated, and may not be correct
  find_package(toml11 CONFIG REQUIRED)
  target_link_libraries(main PRIVATE toml11::toml11)

Completed submission of tinyobjloader:x64-windows to 1 binary cache(s) in 537 ms
Waiting for 1 remaining binary cache submissions...
Completed submission of toml11:x64-windows to 1 binary cache(s) in 62.9 ms (1/1)
